{"D:\\tutoriales\\NodeJS\\Test\\REST-API-DNA\\controllers\\mutation.js":{"path":"D:\\tutoriales\\NodeJS\\Test\\REST-API-DNA\\controllers\\mutation.js","statementMap":{"0":{"start":{"line":1,"column":10},"end":{"line":1,"column":28}},"1":{"start":{"line":3,"column":10},"end":{"line":3,"column":56}},"2":{"start":{"line":5,"column":0},"end":{"line":5,"column":39}},"3":{"start":{"line":7,"column":0},"end":{"line":11,"column":3}},"4":{"start":{"line":13,"column":16},"end":{"line":13,"column":49}},"5":{"start":{"line":14,"column":15},"end":{"line":14,"column":47}},"6":{"start":{"line":16,"column":0},"end":{"line":57,"column":2}},"7":{"start":{"line":17,"column":18},"end":{"line":17,"column":30}},"8":{"start":{"line":19,"column":15},"end":{"line":19,"column":37}},"9":{"start":{"line":21,"column":12},"end":{"line":21,"column":14}},"10":{"start":{"line":23,"column":2},"end":{"line":25,"column":3}},"11":{"start":{"line":23,"column":15},"end":{"line":23,"column":16}},"12":{"start":{"line":24,"column":4},"end":{"line":24,"column":24}},"13":{"start":{"line":27,"column":15},"end":{"line":33,"column":3}},"14":{"start":{"line":35,"column":2},"end":{"line":54,"column":5}},"15":{"start":{"line":36,"column":4},"end":{"line":53,"column":5}},"16":{"start":{"line":37,"column":6},"end":{"line":39,"column":9}},"17":{"start":{"line":40,"column":6},"end":{"line":40,"column":14}},"18":{"start":{"line":42,"column":6},"end":{"line":52,"column":7}},"19":{"start":{"line":43,"column":8},"end":{"line":45,"column":11}},"20":{"start":{"line":46,"column":8},"end":{"line":46,"column":19}},"21":{"start":{"line":48,"column":8},"end":{"line":48,"column":19}},"22":{"start":{"line":49,"column":8},"end":{"line":51,"column":11}},"23":{"start":{"line":60,"column":18},"end":{"line":60,"column":20}},"24":{"start":{"line":61,"column":30},"end":{"line":61,"column":32}},"25":{"start":{"line":62,"column":32},"end":{"line":62,"column":34}},"26":{"start":{"line":64,"column":29},"end":{"line":64,"column":31}},"27":{"start":{"line":65,"column":31},"end":{"line":65,"column":33}},"28":{"start":{"line":67,"column":2},"end":{"line":109,"column":3}},"29":{"start":{"line":67,"column":15},"end":{"line":67,"column":16}},"30":{"start":{"line":69,"column":4},"end":{"line":69,"column":40}},"31":{"start":{"line":69,"column":28},"end":{"line":69,"column":40}},"32":{"start":{"line":73,"column":4},"end":{"line":91,"column":5}},"33":{"start":{"line":73,"column":21},"end":{"line":73,"column":22}},"34":{"start":{"line":74,"column":6},"end":{"line":74,"column":44}},"35":{"start":{"line":75,"column":6},"end":{"line":77,"column":13}},"36":{"start":{"line":78,"column":6},"end":{"line":80,"column":13}},"37":{"start":{"line":82,"column":6},"end":{"line":84,"column":13}},"38":{"start":{"line":86,"column":6},"end":{"line":90,"column":13}},"39":{"start":{"line":94,"column":4},"end":{"line":94,"column":43}},"40":{"start":{"line":94,"column":31},"end":{"line":94,"column":43}},"41":{"start":{"line":96,"column":4},"end":{"line":96,"column":55}},"42":{"start":{"line":96,"column":43},"end":{"line":96,"column":55}},"43":{"start":{"line":98,"column":4},"end":{"line":98,"column":57}},"44":{"start":{"line":98,"column":45},"end":{"line":98,"column":57}},"45":{"start":{"line":100,"column":4},"end":{"line":100,"column":54}},"46":{"start":{"line":100,"column":42},"end":{"line":100,"column":54}},"47":{"start":{"line":102,"column":4},"end":{"line":102,"column":56}},"48":{"start":{"line":102,"column":44},"end":{"line":102,"column":56}},"49":{"start":{"line":104,"column":4},"end":{"line":104,"column":19}},"50":{"start":{"line":105,"column":4},"end":{"line":105,"column":29}},"51":{"start":{"line":106,"column":4},"end":{"line":106,"column":28}},"52":{"start":{"line":107,"column":4},"end":{"line":107,"column":30}},"53":{"start":{"line":108,"column":4},"end":{"line":108,"column":32}},"54":{"start":{"line":111,"column":2},"end":{"line":111,"column":15}},"55":{"start":{"line":116,"column":2},"end":{"line":116,"column":35}}},"fnMap":{"0":{"name":"(anonymous_0)","decl":{"start":{"line":16,"column":22},"end":{"line":16,"column":23}},"loc":{"start":{"line":16,"column":45},"end":{"line":57,"column":1}},"line":16},"1":{"name":"(anonymous_1)","decl":{"start":{"line":35,"column":24},"end":{"line":35,"column":25}},"loc":{"start":{"line":35,"column":44},"end":{"line":54,"column":3}},"line":35},"2":{"name":"hasMutation","decl":{"start":{"line":59,"column":9},"end":{"line":59,"column":20}},"loc":{"start":{"line":59,"column":26},"end":{"line":112,"column":1}},"line":59},"3":{"name":"evaluation","decl":{"start":{"line":114,"column":9},"end":{"line":114,"column":19}},"loc":{"start":{"line":114,"column":29},"end":{"line":117,"column":1}},"line":114}},"branchMap":{"0":{"loc":{"start":{"line":36,"column":4},"end":{"line":53,"column":5}},"type":"if","locations":[{"start":{"line":36,"column":4},"end":{"line":53,"column":5}},{"start":{"line":36,"column":4},"end":{"line":53,"column":5}}],"line":36},"1":{"loc":{"start":{"line":42,"column":6},"end":{"line":52,"column":7}},"type":"if","locations":[{"start":{"line":42,"column":6},"end":{"line":52,"column":7}},{"start":{"line":42,"column":6},"end":{"line":52,"column":7}}],"line":42},"2":{"loc":{"start":{"line":69,"column":4},"end":{"line":69,"column":40}},"type":"if","locations":[{"start":{"line":69,"column":4},"end":{"line":69,"column":40}},{"start":{"line":69,"column":4},"end":{"line":69,"column":40}}],"line":69},"3":{"loc":{"start":{"line":75,"column":31},"end":{"line":77,"column":12}},"type":"cond-expr","locations":[{"start":{"line":76,"column":10},"end":{"line":76,"column":42}},{"start":{"line":77,"column":10},"end":{"line":77,"column":12}}],"line":75},"4":{"loc":{"start":{"line":78,"column":33},"end":{"line":80,"column":12}},"type":"cond-expr","locations":[{"start":{"line":79,"column":10},"end":{"line":79,"column":42}},{"start":{"line":80,"column":10},"end":{"line":80,"column":12}}],"line":78},"5":{"loc":{"start":{"line":82,"column":30},"end":{"line":84,"column":12}},"type":"cond-expr","locations":[{"start":{"line":83,"column":10},"end":{"line":83,"column":59}},{"start":{"line":84,"column":10},"end":{"line":84,"column":12}}],"line":82},"6":{"loc":{"start":{"line":86,"column":32},"end":{"line":90,"column":12}},"type":"cond-expr","locations":[{"start":{"line":89,"column":10},"end":{"line":89,"column":59}},{"start":{"line":90,"column":10},"end":{"line":90,"column":12}}],"line":86},"7":{"loc":{"start":{"line":94,"column":4},"end":{"line":94,"column":43}},"type":"if","locations":[{"start":{"line":94,"column":4},"end":{"line":94,"column":43}},{"start":{"line":94,"column":4},"end":{"line":94,"column":43}}],"line":94},"8":{"loc":{"start":{"line":96,"column":4},"end":{"line":96,"column":55}},"type":"if","locations":[{"start":{"line":96,"column":4},"end":{"line":96,"column":55}},{"start":{"line":96,"column":4},"end":{"line":96,"column":55}}],"line":96},"9":{"loc":{"start":{"line":98,"column":4},"end":{"line":98,"column":57}},"type":"if","locations":[{"start":{"line":98,"column":4},"end":{"line":98,"column":57}},{"start":{"line":98,"column":4},"end":{"line":98,"column":57}}],"line":98},"10":{"loc":{"start":{"line":100,"column":4},"end":{"line":100,"column":54}},"type":"if","locations":[{"start":{"line":100,"column":4},"end":{"line":100,"column":54}},{"start":{"line":100,"column":4},"end":{"line":100,"column":54}}],"line":100},"11":{"loc":{"start":{"line":102,"column":4},"end":{"line":102,"column":56}},"type":"if","locations":[{"start":{"line":102,"column":4},"end":{"line":102,"column":56}},{"start":{"line":102,"column":4},"end":{"line":102,"column":56}}],"line":102}},"s":{"0":1,"1":1,"2":1,"3":1,"4":1,"5":1,"6":1,"7":5,"8":5,"9":5,"10":5,"11":5,"12":30,"13":5,"14":5,"15":5,"16":0,"17":0,"18":5,"19":4,"20":4,"21":1,"22":1,"23":5,"24":5,"25":5,"26":5,"27":5,"28":5,"29":5,"30":10,"31":1,"32":9,"33":9,"34":54,"35":54,"36":54,"37":54,"38":54,"39":9,"40":1,"41":8,"42":1,"43":7,"44":0,"45":7,"46":1,"47":6,"48":0,"49":6,"50":6,"51":6,"52":6,"53":6,"54":1,"55":47},"f":{"0":5,"1":5,"2":5,"3":47},"b":{"0":[0,5],"1":[4,1],"2":[1,9],"3":[39,15],"4":[39,15],"5":[39,15],"6":[39,15],"7":[1,8],"8":[1,7],"9":[0,7],"10":[1,6],"11":[0,6]},"_coverageSchema":"43e27e138ebf9cfc5966b082cf9a028302ed4184","hash":"686dae765abf5997df3610de77b3c73137664da4","contentHash":"651953c2565d398cdb290255d7228ab599fe29fd7bacf1ccc54b828c62cdf7a4"},"D:\\tutoriales\\NodeJS\\Test\\REST-API-DNA\\controllers\\stats.js":{"path":"D:\\tutoriales\\NodeJS\\Test\\REST-API-DNA\\controllers\\stats.js","statementMap":{"0":{"start":{"line":1,"column":10},"end":{"line":1,"column":28}},"1":{"start":{"line":3,"column":10},"end":{"line":3,"column":56}},"2":{"start":{"line":5,"column":0},"end":{"line":5,"column":39}},"3":{"start":{"line":7,"column":0},"end":{"line":11,"column":3}},"4":{"start":{"line":13,"column":16},"end":{"line":13,"column":49}},"5":{"start":{"line":15,"column":0},"end":{"line":50,"column":2}},"6":{"start":{"line":16,"column":15},"end":{"line":18,"column":5}},"7":{"start":{"line":19,"column":22},"end":{"line":19,"column":23}},"8":{"start":{"line":20,"column":24},"end":{"line":20,"column":25}},"9":{"start":{"line":21,"column":12},"end":{"line":21,"column":13}},"10":{"start":{"line":23,"column":2},"end":{"line":49,"column":5}},"11":{"start":{"line":24,"column":4},"end":{"line":48,"column":5}},"12":{"start":{"line":25,"column":6},"end":{"line":25,"column":41}},"13":{"start":{"line":27,"column":22},"end":{"line":27,"column":32}},"14":{"start":{"line":29,"column":6},"end":{"line":35,"column":7}},"15":{"start":{"line":29,"column":23},"end":{"line":29,"column":24}},"16":{"start":{"line":30,"column":8},"end":{"line":34,"column":9}},"17":{"start":{"line":31,"column":10},"end":{"line":31,"column":28}},"18":{"start":{"line":33,"column":10},"end":{"line":33,"column":30}},"19":{"start":{"line":37,"column":6},"end":{"line":37,"column":50}},"20":{"start":{"line":38,"column":6},"end":{"line":42,"column":9}},"21":{"start":{"line":43,"column":6},"end":{"line":47,"column":9}}},"fnMap":{"0":{"name":"(anonymous_0)","decl":{"start":{"line":15,"column":19},"end":{"line":15,"column":20}},"loc":{"start":{"line":15,"column":37},"end":{"line":50,"column":1}},"line":15},"1":{"name":"(anonymous_1)","decl":{"start":{"line":23,"column":25},"end":{"line":23,"column":26}},"loc":{"start":{"line":23,"column":45},"end":{"line":49,"column":3}},"line":23}},"branchMap":{"0":{"loc":{"start":{"line":24,"column":4},"end":{"line":48,"column":5}},"type":"if","locations":[{"start":{"line":24,"column":4},"end":{"line":48,"column":5}},{"start":{"line":24,"column":4},"end":{"line":48,"column":5}}],"line":24},"1":{"loc":{"start":{"line":30,"column":8},"end":{"line":34,"column":9}},"type":"if","locations":[{"start":{"line":30,"column":8},"end":{"line":34,"column":9}},{"start":{"line":30,"column":8},"end":{"line":34,"column":9}}],"line":30}},"s":{"0":1,"1":1,"2":1,"3":1,"4":1,"5":1,"6":1,"7":1,"8":1,"9":1,"10":1,"11":1,"12":0,"13":1,"14":1,"15":1,"16":8,"17":5,"18":3,"19":1,"20":1,"21":1},"f":{"0":1,"1":1},"b":{"0":[0,1],"1":[5,3]},"_coverageSchema":"43e27e138ebf9cfc5966b082cf9a028302ed4184","hash":"798a5266ecd05d44c8da29b968cddd7088e85862","contentHash":"8251cb21e9e7051305325c9879990be9e3c32b6ab2e5ae849312773dcd7424f6"}}